Added Component: Designator=C1(tu hoa 8mm)
Add component (AddParameter): Name = "Chung_Loai"; Value = "C?m"; VariantName = "[No Variations]"
Add component (AddParameter): Name = "Don_Vi"; Value = "Con"; VariantName = "[No Variations]"
Add component (AddParameter): Name = "Kieu_Chan"; Value = ""; VariantName = "[No Variations]"
Add component (AddParameter): Name = "Ma_Hang"; Value = "MH006872"; VariantName = "[No Variations]"
Add component (AddParameter): Name = "So_Chan"; Value = "2"; VariantName = "[No Variations]"
Add component (AddParameter): Name = "Ten_Linh_Kien"; Value = "T? Hóa 100uF 50V 8x11MM"; VariantName = "[No Variations]"
Added Component: Designator=C2(0805)
Add component (AddParameter): Name = "LatestRevisionDate"; Value = "17-Jul-2002"; VariantName = "[No Variations]"
Add component (AddParameter): Name = "LatestRevisionNote"; Value = "Re-released for DXP Platform."; VariantName = "[No Variations]"
Add component (AddParameter): Name = "PackageReference"; Value = "C1206"; VariantName = "[No Variations]"
Add component (AddParameter): Name = "Published"; Value = "8-Jun-2000"; VariantName = "[No Variations]"
Add component (AddParameter): Name = "Publisher"; Value = "Altium Limited"; VariantName = "[No Variations]"
Add component (AddParameter): Name = "Value"; Value = "0.1uF"; VariantName = "[No Variations]"
Added Component: Designator=C3(tu hoa 8mm)
Add component (AddParameter): Name = "Chung_Loai"; Value = "C?m"; VariantName = "[No Variations]"
Add component (AddParameter): Name = "Don_Vi"; Value = "Con"; VariantName = "[No Variations]"
Add component (AddParameter): Name = "Kieu_Chan"; Value = ""; VariantName = "[No Variations]"
Add component (AddParameter): Name = "Ma_Hang"; Value = "MH006872"; VariantName = "[No Variations]"
Add component (AddParameter): Name = "So_Chan"; Value = "2"; VariantName = "[No Variations]"
Add component (AddParameter): Name = "Ten_Linh_Kien"; Value = "T? Hóa 100uF 50V 8x11MM"; VariantName = "[No Variations]"
Added Component: Designator=C4(0805)
Add component (AddParameter): Name = "LatestRevisionDate"; Value = "17-Jul-2002"; VariantName = "[No Variations]"
Add component (AddParameter): Name = "LatestRevisionNote"; Value = "Re-released for DXP Platform."; VariantName = "[No Variations]"
Add component (AddParameter): Name = "PackageReference"; Value = "C1206"; VariantName = "[No Variations]"
Add component (AddParameter): Name = "Published"; Value = "8-Jun-2000"; VariantName = "[No Variations]"
Add component (AddParameter): Name = "Publisher"; Value = "Altium Limited"; VariantName = "[No Variations]"
Add component (AddParameter): Name = "Value"; Value = "0.1uF"; VariantName = "[No Variations]"
Added Component: Designator=C5(HDR6)
Add component (AddParameter): Name = "ComponentLink1 Description"; Value = "Manufacturer"; VariantName = "[No Variations]"
Add component (AddParameter): Name = "ComponentLink1URL"; Value = "http://www.we-online.com"; VariantName = "[No Variations]"
Add component (AddParameter): Name = "ComponentLink2 Description"; Value = "Datasheet"; VariantName = "[No Variations]"
Add component (AddParameter): Name = "ComponentLink2URL"; Value = "http://katalog.we-online.de/em/datasheet/6130xx143121.pdf"; VariantName = "[No Variations]"
Add component (AddParameter): Name = "Created by"; Value = "Karrer Zheng"; VariantName = "[No Variations]"
Add component (AddParameter): Name = "Created Date"; Value = "29 March 2013"; VariantName = "[No Variations]"
Add component (AddParameter): Name = "Manufacturer"; Value = "W¨¹rth Elektronik eiSos GmbH"; VariantName = "[No Variations]"
Add component (AddParameter): Name = "NoPins"; Value = "02"; VariantName = "[No Variations]"
Add component (AddParameter): Name = "partNo"; Value = "613002143121"; VariantName = "[No Variations]"
Added Component: Designator=JDC1(DC-IN)
Add component (AddParameter): Name = "Chung_Loai"; Value = "C?m"; VariantName = "[No Variations]"
Add component (AddParameter): Name = "Don_Vi"; Value = "Con"; VariantName = "[No Variations]"
Add component (AddParameter): Name = "Ghi_Chu"; Value = ""; VariantName = "[No Variations]"
Add component (AddParameter): Name = "Kieu_Chan"; Value = ""; VariantName = "[No Variations]"
Add component (AddParameter): Name = "Ma_Hang"; Value = "MH000923"; VariantName = "[No Variations]"
Add component (AddParameter): Name = "Ten_Linh_Kien"; Value = "Jack DC5.5x2.1MM DC5501"; VariantName = "[No Variations]"
Added Component: Designator=LED1(LED-0805-Orange)
Add component (AddParameter): Name = "Value"; Value = "LED 3 - 5 ly 2 Colour"; VariantName = "[No Variations]"
Added Component: Designator=LED2(LED-0805-Orange)
Add component (AddParameter): Name = "Value"; Value = "LED 3 - 5 ly 2 Colour"; VariantName = "[No Variations]"
Added Component: Designator=M1(LM2596_MODULE)
Added Component: Designator=P1(DOMINO_3PIN_5.08MM_RUT)
Added Component: Designator=P2(HDR1X19)
Add component (AddParameter): Name = "LatestRevisionDate"; Value = "17-Jul-2002"; VariantName = "[No Variations]"
Add component (AddParameter): Name = "LatestRevisionNote"; Value = "Re-released for DXP Platform."; VariantName = "[No Variations]"
Add component (AddParameter): Name = "Publisher"; Value = "Altium Limited"; VariantName = "[No Variations]"
Added Component: Designator=P3(HDR1X19)
Add component (AddParameter): Name = "LatestRevisionDate"; Value = "17-Jul-2002"; VariantName = "[No Variations]"
Add component (AddParameter): Name = "LatestRevisionNote"; Value = "Re-released for DXP Platform."; VariantName = "[No Variations]"
Add component (AddParameter): Name = "Publisher"; Value = "Altium Limited"; VariantName = "[No Variations]"
Added Component: Designator=p4(JST-XH_B8B-XH-A)
Added Component: Designator=P5(DOMINO_3PIN_5.08MM_RUT)
Added Component: Designator=P6(DOMINO_4PIN_5.08MM_RUT)
Added Component: Designator=P7(DOMINO_4PIN_5.08MM_RUT)
Added Component: Designator=P8(DOMINO_3PIN_5.08MM_RUT)
Added Component: Designator=P9(DOMINO_4PIN_5.08MM_RUT)
Added Component: Designator=Q1(SOT23B)
Add component (AddParameter): Name = "Chung_Loai"; Value = "Dán"; VariantName = "[No Variations]"
Add component (AddParameter): Name = "Don_Vi"; Value = "Con"; VariantName = "[No Variations]"
Add component (AddParameter): Name = "Ghi_Chu"; Value = ""; VariantName = "[No Variations]"
Add component (AddParameter): Name = "Kieu_Chan"; Value = ""; VariantName = "[No Variations]"
Add component (AddParameter): Name = "Ma_Hang"; Value = "MH000946"; VariantName = "[No Variations]"
Add component (AddParameter): Name = "Ten_Linh_Kien"; Value = "C1815 SOT23 TRANS NPN 0.15A 50V (SMD-HF)"; VariantName = "[No Variations]"
Added Component: Designator=Q2(SOT23B)
Add component (AddParameter): Name = "Chung_Loai"; Value = "Dán"; VariantName = "[No Variations]"
Add component (AddParameter): Name = "Don_Vi"; Value = "Con"; VariantName = "[No Variations]"
Add component (AddParameter): Name = "Ghi_Chu"; Value = ""; VariantName = "[No Variations]"
Add component (AddParameter): Name = "Kieu_Chan"; Value = ""; VariantName = "[No Variations]"
Add component (AddParameter): Name = "Ma_Hang"; Value = "MH000946"; VariantName = "[No Variations]"
Add component (AddParameter): Name = "Ten_Linh_Kien"; Value = "C1815 SOT23 TRANS NPN 0.15A 50V (SMD-HF)"; VariantName = "[No Variations]"
Added Component: Designator=R1(DIEN TRO 0805)
Add component (AddParameter): Name = "LatestRevisionDate"; Value = "17-Jul-2002"; VariantName = "[No Variations]"
Add component (AddParameter): Name = "LatestRevisionNote"; Value = "Re-released for DXP Platform."; VariantName = "[No Variations]"
Add component (AddParameter): Name = "PackageReference"; Value = "AXIAL-0.4"; VariantName = "[No Variations]"
Add component (AddParameter): Name = "Published"; Value = "8-Jun-2000"; VariantName = "[No Variations]"
Add component (AddParameter): Name = "Publisher"; Value = "Altium Limited"; VariantName = "[No Variations]"
Add component (AddParameter): Name = "Value"; Value = "0805-1k"; VariantName = "[No Variations]"
Added Component: Designator=R2(DIEN TRO 0805)
Add component (AddParameter): Name = "LatestRevisionDate"; Value = "17-Jul-2002"; VariantName = "[No Variations]"
Add component (AddParameter): Name = "LatestRevisionNote"; Value = "Re-released for DXP Platform."; VariantName = "[No Variations]"
Add component (AddParameter): Name = "PackageReference"; Value = "AXIAL-0.4"; VariantName = "[No Variations]"
Add component (AddParameter): Name = "Published"; Value = "8-Jun-2000"; VariantName = "[No Variations]"
Add component (AddParameter): Name = "Publisher"; Value = "Altium Limited"; VariantName = "[No Variations]"
Add component (AddParameter): Name = "Value"; Value = "0805-1k"; VariantName = "[No Variations]"
Added Component: Designator=R3(DIEN TRO 0805)
Add component (AddParameter): Name = "LatestRevisionDate"; Value = "17-Jul-2002"; VariantName = "[No Variations]"
Add component (AddParameter): Name = "LatestRevisionNote"; Value = "Re-released for DXP Platform."; VariantName = "[No Variations]"
Add component (AddParameter): Name = "PackageReference"; Value = "AXIAL-0.4"; VariantName = "[No Variations]"
Add component (AddParameter): Name = "Published"; Value = "8-Jun-2000"; VariantName = "[No Variations]"
Add component (AddParameter): Name = "Publisher"; Value = "Altium Limited"; VariantName = "[No Variations]"
Add component (AddParameter): Name = "Value"; Value = "0805-10k"; VariantName = "[No Variations]"
Added Component: Designator=R4(DIEN TRO 0805)
Add component (AddParameter): Name = "LatestRevisionDate"; Value = "17-Jul-2002"; VariantName = "[No Variations]"
Add component (AddParameter): Name = "LatestRevisionNote"; Value = "Re-released for DXP Platform."; VariantName = "[No Variations]"
Add component (AddParameter): Name = "PackageReference"; Value = "AXIAL-0.4"; VariantName = "[No Variations]"
Add component (AddParameter): Name = "Published"; Value = "8-Jun-2000"; VariantName = "[No Variations]"
Add component (AddParameter): Name = "Publisher"; Value = "Altium Limited"; VariantName = "[No Variations]"
Add component (AddParameter): Name = "Value"; Value = "0805-1k"; VariantName = "[No Variations]"
Added Component: Designator=R5(DIEN TRO 0805)
Add component (AddParameter): Name = "LatestRevisionDate"; Value = "17-Jul-2002"; VariantName = "[No Variations]"
Add component (AddParameter): Name = "LatestRevisionNote"; Value = "Re-released for DXP Platform."; VariantName = "[No Variations]"
Add component (AddParameter): Name = "PackageReference"; Value = "AXIAL-0.4"; VariantName = "[No Variations]"
Add component (AddParameter): Name = "Published"; Value = "8-Jun-2000"; VariantName = "[No Variations]"
Add component (AddParameter): Name = "Publisher"; Value = "Altium Limited"; VariantName = "[No Variations]"
Add component (AddParameter): Name = "Value"; Value = "0805-1k"; VariantName = "[No Variations]"
Added Component: Designator=R6(DIEN TRO 0805)
Add component (AddParameter): Name = "LatestRevisionDate"; Value = "17-Jul-2002"; VariantName = "[No Variations]"
Add component (AddParameter): Name = "LatestRevisionNote"; Value = "Re-released for DXP Platform."; VariantName = "[No Variations]"
Add component (AddParameter): Name = "PackageReference"; Value = "AXIAL-0.4"; VariantName = "[No Variations]"
Add component (AddParameter): Name = "Published"; Value = "8-Jun-2000"; VariantName = "[No Variations]"
Add component (AddParameter): Name = "Publisher"; Value = "Altium Limited"; VariantName = "[No Variations]"
Add component (AddParameter): Name = "Value"; Value = "0805-10k"; VariantName = "[No Variations]"
Added Component: Designator=RL1(RELAY5PIN-10A)
Add component (AddParameter): Name = "Value"; Value = "Relay ?V - 10A"; VariantName = "[No Variations]"
Added Component: Designator=RL2(RELAY5PIN-10A)
Add component (AddParameter): Name = "Value"; Value = "Relay ?V - 10A"; VariantName = "[No Variations]"
Added Component: Designator=U1(SOT223-4M)
Added Component: Designator=U2(ESP32-38PIN)
Added Pin To Net: NetName=+3V3 Pin=C3-1
Added Pin To Net: NetName=+3V3 Pin=C4-2
Added Pin To Net: NetName=+3V3 Pin=P2-1
Added Pin To Net: NetName=+3V3 Pin=p4-1
Added Pin To Net: NetName=+3V3 Pin=P8-1
Added Pin To Net: NetName=+3V3 Pin=U1-2
Added Pin To Net: NetName=+3V3 Pin=U1-4
Added Net: Name=+3V3
Added Pin To Net: NetName=+5V Pin=C1-1
Added Pin To Net: NetName=+5V Pin=C2-2
Added Pin To Net: NetName=+5V Pin=M1-4
Added Pin To Net: NetName=+5V Pin=P2-19
Added Pin To Net: NetName=+5V Pin=P6-4
Added Pin To Net: NetName=+5V Pin=P7-1
Added Pin To Net: NetName=+5V Pin=P7-1
Added Pin To Net: NetName=+5V Pin=P9-1
Added Pin To Net: NetName=+5V Pin=P9-1
Added Pin To Net: NetName=+5V Pin=R1-2
Added Pin To Net: NetName=+5V Pin=RL1-5
Added Pin To Net: NetName=+5V Pin=U1-3
Added Pin To Net: NetName=+5V Pin=U2-1
Added Pin To Net: NetName=+5V Pin=U2-19
Added Net: Name=+5V
Added Pin To Net: NetName=+12 Pin=JDC1-1
Added Pin To Net: NetName=+12 Pin=M1-1
Added Net: Name=+12
Added Pin To Net: NetName=5V Pin=R4-2
Added Pin To Net: NetName=5V Pin=RL2-5
Added Net: Name=5V
Added Pin To Net: NetName=CLK Pin=P3-19
Added Pin To Net: NetName=CLK Pin=U2-20
Added Net: Name=CLK
Added Pin To Net: NetName=CMD Pin=P2-18
Added Pin To Net: NetName=CMD Pin=U2-18
Added Net: Name=CMD
Added Pin To Net: NetName=D0 Pin=P3-18
Added Pin To Net: NetName=D0 Pin=U2-21
Added Net: Name=D0
Added Pin To Net: NetName=D1 Pin=P3-17
Added Pin To Net: NetName=D1 Pin=U2-22
Added Net: Name=D1
Added Pin To Net: NetName=D2 Pin=P2-16
Added Pin To Net: NetName=D2 Pin=U2-16
Added Net: Name=D2
Added Pin To Net: NetName=D3 Pin=P2-17
Added Pin To Net: NetName=D3 Pin=U2-17
Added Net: Name=D3
Added Pin To Net: NetName=EN Pin=P2-2
Added Pin To Net: NetName=EN Pin=U2-2
Added Net: Name=EN
Added Pin To Net: NetName=GND Pin=C1-2
Added Pin To Net: NetName=GND Pin=C2-1
Added Pin To Net: NetName=GND Pin=C3-2
Added Pin To Net: NetName=GND Pin=C4-1
Added Pin To Net: NetName=GND Pin=JDC1-2
Added Pin To Net: NetName=GND Pin=JDC1-3
Added Pin To Net: NetName=GND Pin=M1-2
Added Pin To Net: NetName=GND Pin=M1-3
Added Pin To Net: NetName=GND Pin=P2-14
Added Pin To Net: NetName=GND Pin=P3-1
Added Pin To Net: NetName=GND Pin=P3-7
Added Pin To Net: NetName=GND Pin=p4-2
Added Pin To Net: NetName=GND Pin=P6-1
Added Pin To Net: NetName=GND Pin=P6-1
Added Pin To Net: NetName=GND Pin=P7-2
Added Pin To Net: NetName=GND Pin=P7-2
Added Pin To Net: NetName=GND Pin=P8-3
Added Pin To Net: NetName=GND Pin=P9-2
Added Pin To Net: NetName=GND Pin=P9-2
Added Pin To Net: NetName=GND Pin=Q1-3
Added Pin To Net: NetName=GND Pin=Q2-3
Added Pin To Net: NetName=GND Pin=R3-2
Added Pin To Net: NetName=GND Pin=R6-2
Added Pin To Net: NetName=GND Pin=U1-1
Added Pin To Net: NetName=GND Pin=U2-14
Added Pin To Net: NetName=GND Pin=U2-32
Added Pin To Net: NetName=GND Pin=U2-38
Added Net: Name=GND
Added Pin To Net: NetName=IO0 Pin=P3-14
Added Pin To Net: NetName=IO0 Pin=U2-25
Added Net: Name=IO0
Added Pin To Net: NetName=IO2 Pin=P3-15
Added Pin To Net: NetName=IO2 Pin=p4-5
Added Pin To Net: NetName=IO2 Pin=U2-24
Added Net: Name=IO2
Added Pin To Net: NetName=IO4 Pin=P3-13
Added Pin To Net: NetName=IO4 Pin=p4-4
Added Pin To Net: NetName=IO4 Pin=U2-26
Added Net: Name=IO4
Added Pin To Net: NetName=IO05 Pin=U2-29
Added Net: Name=IO05
Added Pin To Net: NetName=IO12 Pin=P2-13
Added Pin To Net: NetName=IO12 Pin=U2-13
Added Net: Name=IO12
Added Pin To Net: NetName=IO13 Pin=P2-15
Added Pin To Net: NetName=IO13 Pin=U2-15
Added Net: Name=IO13
Added Pin To Net: NetName=IO14 Pin=P2-12
Added Pin To Net: NetName=IO14 Pin=U2-12
Added Net: Name=IO14
Added Pin To Net: NetName=IO15 Pin=P3-10
Added Pin To Net: NetName=IO15 Pin=P3-16
Added Pin To Net: NetName=IO15 Pin=p4-3
Added Pin To Net: NetName=IO15 Pin=U2-23
Added Net: Name=IO15
Added Pin To Net: NetName=IO16 Pin=P3-12
Added Pin To Net: NetName=IO16 Pin=R5-1
Added Pin To Net: NetName=IO16 Pin=U2-27
Added Net: Name=IO16
Added Pin To Net: NetName=IO17 Pin=P3-11
Added Pin To Net: NetName=IO17 Pin=U2-28
Added Net: Name=IO17
Added Pin To Net: NetName=IO18 Pin=C5-2
Added Pin To Net: NetName=IO18 Pin=P3-9
Added Pin To Net: NetName=IO18 Pin=p4-7
Added Pin To Net: NetName=IO18 Pin=U2-30
Added Net: Name=IO18
Added Pin To Net: NetName=IO19 Pin=C5-1
Added Pin To Net: NetName=IO19 Pin=C5-5
Added Pin To Net: NetName=IO19 Pin=P3-8
Added Pin To Net: NetName=IO19 Pin=U2-31
Added Net: Name=IO19
Added Pin To Net: NetName=IO23 Pin=C5-4
Added Pin To Net: NetName=IO23 Pin=P3-2
Added Pin To Net: NetName=IO23 Pin=p4-6
Added Pin To Net: NetName=IO23 Pin=U2-37
Added Net: Name=IO23
Added Pin To Net: NetName=IO25 Pin=C5-3
Added Pin To Net: NetName=IO25 Pin=P2-9
Added Pin To Net: NetName=IO25 Pin=U2-9
Added Net: Name=IO25
Added Pin To Net: NetName=IO26 Pin=P2-10
Added Pin To Net: NetName=IO26 Pin=P8-2
Added Pin To Net: NetName=IO26 Pin=U2-10
Added Net: Name=IO26
Added Pin To Net: NetName=IO27 Pin=C5-6
Added Pin To Net: NetName=IO27 Pin=P2-11
Added Pin To Net: NetName=IO27 Pin=U2-11
Added Net: Name=IO27
Added Pin To Net: NetName=IO32 Pin=P2-7
Added Pin To Net: NetName=IO32 Pin=p4-8
Added Pin To Net: NetName=IO32 Pin=U2-7
Added Net: Name=IO32
Added Pin To Net: NetName=IO33 Pin=P2-8
Added Pin To Net: NetName=IO33 Pin=P9-4
Added Pin To Net: NetName=IO33 Pin=U2-8
Added Net: Name=IO33
Added Pin To Net: NetName=IO34 Pin=P2-5
Added Pin To Net: NetName=IO34 Pin=P7-3
Added Pin To Net: NetName=IO34 Pin=U2-5
Added Net: Name=IO34
Added Pin To Net: NetName=IO35 Pin=P2-6
Added Pin To Net: NetName=IO35 Pin=P7-4
Added Pin To Net: NetName=IO35 Pin=U2-6
Added Net: Name=IO35
Added Pin To Net: NetName=IO36 Pin=P2-3
Added Pin To Net: NetName=IO36 Pin=U2-3
Added Net: Name=IO36
Added Pin To Net: NetName=IO39 Pin=P2-4
Added Pin To Net: NetName=IO39 Pin=U2-4
Added Net: Name=IO39
Added Pin To Net: NetName=NetD1_1 Pin=LED1-2
Added Pin To Net: NetName=NetD1_1 Pin=Q1-2
Added Pin To Net: NetName=NetD1_1 Pin=RL1-4
Added Net: Name=NetD1_1
Added Pin To Net: NetName=NetD2_1 Pin=LED2-2
Added Pin To Net: NetName=NetD2_1 Pin=Q2-2
Added Pin To Net: NetName=NetD2_1 Pin=RL2-4
Added Net: Name=NetD2_1
Added Pin To Net: NetName=NetLED1_1 Pin=LED1-1
Added Pin To Net: NetName=NetLED1_1 Pin=R1-1
Added Net: Name=NetLED1_1
Added Pin To Net: NetName=NetLED2_1 Pin=LED2-1
Added Pin To Net: NetName=NetLED2_1 Pin=R4-1
Added Net: Name=NetLED2_1
Added Pin To Net: NetName=NetP1_1 Pin=P1-1
Added Pin To Net: NetName=NetP1_1 Pin=RL1-2
Added Net: Name=NetP1_1
Added Pin To Net: NetName=NetP1_2 Pin=P1-2
Added Pin To Net: NetName=NetP1_2 Pin=RL1-1
Added Net: Name=NetP1_2
Added Pin To Net: NetName=NetP1_3 Pin=P1-3
Added Pin To Net: NetName=NetP1_3 Pin=RL1-3
Added Net: Name=NetP1_3
Added Pin To Net: NetName=NetP5_1 Pin=P5-1
Added Pin To Net: NetName=NetP5_1 Pin=RL2-2
Added Net: Name=NetP5_1
Added Pin To Net: NetName=NetP5_2 Pin=P5-2
Added Pin To Net: NetName=NetP5_2 Pin=RL2-1
Added Net: Name=NetP5_2
Added Pin To Net: NetName=NetP5_3 Pin=P5-3
Added Pin To Net: NetName=NetP5_3 Pin=RL2-3
Added Net: Name=NetP5_3
Added Pin To Net: NetName=NetQ1_1 Pin=Q1-1
Added Pin To Net: NetName=NetQ1_1 Pin=R2-2
Added Pin To Net: NetName=NetQ1_1 Pin=R3-1
Added Net: Name=NetQ1_1
Added Pin To Net: NetName=NetQ2_1 Pin=Q2-1
Added Pin To Net: NetName=NetQ2_1 Pin=R5-2
Added Pin To Net: NetName=NetQ2_1 Pin=R6-1
Added Net: Name=NetQ2_1
Added Pin To Net: NetName=RX Pin=P3-5
Added Pin To Net: NetName=RX Pin=U2-34
Added Net: Name=RX
Added Pin To Net: NetName=SCL Pin=P3-3
Added Pin To Net: NetName=SCL Pin=P6-3
Added Pin To Net: NetName=SCL Pin=U2-36
Added Net: Name=SCL
Added Pin To Net: NetName=SDA Pin=P3-6
Added Pin To Net: NetName=SDA Pin=P6-2
Added Pin To Net: NetName=SDA Pin=P6-2
Added Pin To Net: NetName=SDA Pin=U2-33
Added Net: Name=SDA
Added Pin To Net: NetName=TX Pin=P3-4
Added Pin To Net: NetName=TX Pin=U2-35
Added Net: Name=TX
Added Class: Name=esp32_doan
Added Room: Name=esp32_doan
